<?xml version="1.0" encoding="UTF-8"?>
<testng-results skipped="0" failed="0" ignored="0" total="1" passed="1">
  <reporter-output>
  </reporter-output>
  <suite name="ShopApothekeTestcases.ShopApothekeUITest" duration-ms="55849" started-at="2019-07-04T14:00:09Z" finished-at="2019-07-04T14:01:05Z">
    <groups>
    </groups>
    <test name="Command line test" duration-ms="55849" started-at="2019-07-04T14:00:09Z" finished-at="2019-07-04T14:01:05Z">
      <class name="ShopApothekeTestcases.ShopApothekeUITest">
        <test-method status="PASS" signature="initialize()[pri:0, instance:ShopApothekeTestcases.ShopApothekeUITest@223f3642]" name="initialize" is-config="true" duration-ms="6731" started-at="2019-07-04T14:00:09Z" finished-at="2019-07-04T14:00:16Z">
          <reporter-output>
          </reporter-output>
        </test-method> <!-- initialize -->
        <test-method status="PASS" signature="VerifyCartAddition()[pri:0, instance:ShopApothekeTestcases.ShopApothekeUITest@223f3642]" name="VerifyCartAddition" duration-ms="46789" started-at="2019-07-04T14:00:16Z" finished-at="2019-07-04T14:01:03Z">
          <reporter-output>
          </reporter-output>
        </test-method> <!-- VerifyCartAddition -->
        <test-method status="PASS" signature="teardown()[pri:0, instance:ShopApothekeTestcases.ShopApothekeUITest@223f3642]" name="teardown" is-config="true" duration-ms="2316" started-at="2019-07-04T14:01:03Z" finished-at="2019-07-04T14:01:05Z">
          <reporter-output>
          </reporter-output>
        </test-method> <!-- teardown -->
      </class> <!-- ShopApothekeTestcases.ShopApothekeUITest -->
    </test> <!-- Command line test -->
  </suite> <!-- ShopApothekeTestcases.ShopApothekeUITest -->
</testng-results>
